<?xml version="1.0" encoding="UTF-8"?>
<!-- Generated by org.testng.reporters.JUnitReportReporter -->
<testsuite hostname="CJB-LAP-138" name="tests._smokeTestsExcel" tests="2" failures="0" timestamp="17 May 2020 04:49:17 GMT" time="78.020" errors="0">
  <testcase name="addMarket" time="21.346" classname="tests._smokeTestsExcel"/>
  <testcase name="verifyDashboard" time="56.674" classname="tests._smokeTestsExcel"/>
</testsuite> <!-- tests._smokeTestsExcel -->
