<?xml version="1.0" encoding="UTF-8"?>
<!-- Generated by org.testng.reporters.JUnitReportReporter -->
<testsuite hostname="CJB-LAP-138" name="tests._testExcelInput" tests="1" failures="0" timestamp="15 May 2020 15:57:44 GMT" time="0.030" errors="0">
  <testcase name="man" time="0.030" classname="tests._testExcelInput"/>
</testsuite> <!-- tests._testExcelInput -->
