<?xml version="1.0" encoding="UTF-8"?>
<!-- Generated by org.testng.reporters.JUnitReportReporter -->
<testsuite hostname="CJB-LAP-138" name="tests._testClass1" tests="1" failures="0" timestamp="18 May 2020 08:30:54 GMT" time="2.776" errors="0">
  <testcase name="man" time="2.776" classname="tests._testClass1"/>
</testsuite> <!-- tests._testClass1 -->
